

18:19:16.614350
Register Request Sent


18:32:16.180575
Register Request Sent


18:32:17.236626
Register Response received


18:32:17.236976
Routing Update
2,0:1
2,1:1
2,2:2
2,3:3
2,4:3
2,5:5
Routing Complete


12:37:17.660093
Register Request Sent


12:37:17.660512
Register Response received


12:37:17.660680
Routing Update
2,0:0
2,1:1
2,2:2
Routing Complete


12:38:00.654908
Register Request Sent


12:38:00.655533
Register Response received


12:38:00.655873
Routing Update
2,0:0
2,1:1
2,2:2
Routing Complete
