

Register Request 0


Register Request 1


Register Request 2


17:57:55.721859
Register Response 0
Register Response 1
Register Response 2


17:57:55.722126
Routing Update 
0,0:0,0
0,1:1,20
0,2:1,20
1,0:0,20
1,1:1,0
1,2:2,30
2,0:1,20
2,1:1,30
2,2:2,0
Routing Complete 


17:58:07.763563
Switch Dead 1


17:58:07.763863
Routing Update 
0,0:0,0
0,1:-1,9999
0,2:2,10
2,0:0,10
2,1:-1,9999
2,2:2,0
Routing Complete 


17:58:21.008652
Switch Alive 1


17:58:21.009114
Routing Update 
0,0:0,0
0,1:1,20
0,2:1,20
1,0:0,20
1,1:1,0
1,2:2,30
2,0:1,20
2,1:1,30
2,2:2,0
Routing Complete 


17:58:21.745619
Link Dead 0,1


17:58:21.746071
Routing Update 
0,0:0,0
0,1:2,10
0,2:2,10
1,0:0,20
1,1:1,0
1,2:2,30
2,0:1,20
2,1:1,30
2,2:2,0
Routing Complete 


17:58:21.748251
Link Dead 2,1


17:58:21.748574
Routing Update 
0,0:0,0
0,1:-1,9999
0,2:2,10
1,0:0,20
1,1:1,0
1,2:2,30
2,0:0,10
2,1:-1,9999
2,2:2,0
Routing Complete 


17:58:23.070658
Routing Update 
0,0:0,0
0,1:2,10
0,2:2,10
1,0:0,20
1,1:1,0
1,2:2,30
2,0:1,20
2,1:1,30
2,2:2,0
Routing Complete 


17:58:23.071244
Routing Update 
0,0:0,0
0,1:1,20
0,2:1,20
1,0:0,20
1,1:1,0
1,2:2,30
2,0:1,20
2,1:1,30
2,2:2,0
Routing Complete 
