17:57:55.721426
Register Request Sent


17:57:55.722043
Register Response Received 


17:57:55.773282
Routing Update 
2,0:1
2,1:1
2,2:2
Routing Complete 


17:58:07.733381
Neighbor Dead 1


17:58:07.819800
Routing Update 
2,0:0
2,1:-1
2,2:2
Routing Complete 


17:58:21.065061
Routing Update 
2,0:1
2,1:1
2,2:2
Routing Complete 


17:58:21.781611
Routing Update 
2,0:1
2,1:1
2,2:2
Routing Complete 


17:58:21.857766
Routing Update 
2,0:0
2,1:-1
2,2:2
Routing Complete 


17:58:23.039658
Neighbor Alive 1


17:58:23.126455
Routing Update 
2,0:1
2,1:1
2,2:2
Routing Complete 


17:58:23.197567
Routing Update 
2,0:1
2,1:1
2,2:2
Routing Complete 
