17:57:51.591547
Register Request Sent


17:57:55.722053
Register Response Received 


17:57:55.783547
Routing Update 
0,0:0
0,1:1
0,2:1
Routing Complete 


17:58:07.723388
Neighbor Dead 1


17:58:07.824769
Routing Update 
0,0:0
0,1:-1
0,2:2
Routing Complete 


17:58:21.070177
Routing Update 
0,0:0
0,1:1
0,2:1
Routing Complete 


17:58:21.801935
Routing Update 
0,0:0
0,1:2
0,2:2
Routing Complete 


17:58:21.867950
Routing Update 
0,0:0
0,1:-1
0,2:2
Routing Complete 


17:58:23.049775
Neighbor Alive 1


17:58:23.121427
Routing Update 
0,0:0
0,1:2
0,2:2
Routing Complete 


17:58:23.192504
Routing Update 
0,0:0
0,1:1
0,2:1
Routing Complete 
