

Register Request 0


Register Request 1


Register Request 2


17:52:54.067187
Register Response 0
Register Response 1
Register Response 2


17:52:54.067505
Routing Update 
0,0:0,0
0,1:1,20
0,2:1,20
1,0:0,20
1,1:1,0
1,2:2,30
2,0:1,20
2,1:1,30
2,2:2,0
Routing Complete 


17:52:56.131603
Link Dead 1,2


17:52:56.132083
Routing Update 
0,0:0,0
0,1:1,20
0,2:2,10
1,0:0,20
1,1:1,0
1,2:0,10
2,0:1,20
2,1:1,30
2,2:2,0
Routing Complete 


17:53:00.087934
Link Dead 2,1


17:53:00.088397
Routing Update 
0,0:0,0
0,1:1,20
0,2:2,10
1,0:0,20
1,1:1,0
1,2:0,10
2,0:0,10
2,1:0,10
2,2:2,0
Routing Complete 


17:53:12.119703
Switch Dead 1


17:53:12.120071
Routing Update 
0,0:0,0
0,1:-1,9999
0,2:2,10
2,0:0,10
2,1:-1,9999
2,2:2,0
Routing Complete 


17:53:21.916635
Switch Alive 1


17:53:21.917163
Routing Update 
0,0:0,0
0,1:1,20
0,2:1,20
1,0:0,20
1,1:1,0
1,2:2,30
2,0:1,20
2,1:1,30
2,2:2,0
Routing Complete 


17:53:22.088710
Link Dead 2,1


17:53:22.089070
Routing Update 
0,0:0,0
0,1:1,20
0,2:1,20
1,0:0,20
1,1:1,0
1,2:2,30
2,0:0,10
2,1:0,10
2,2:2,0
Routing Complete 


17:53:22.110022
Link Dead 0,1


17:53:22.110450
Routing Update 
0,0:0,0
0,1:-1,9999
0,2:2,10
1,0:0,20
1,1:1,0
1,2:2,30
2,0:0,10
2,1:-1,9999
2,2:2,0
Routing Complete 


17:53:23.988950
Routing Update 
0,0:0,0
0,1:1,20
0,2:1,20
1,0:0,20
1,1:1,0
1,2:2,30
2,0:0,10
2,1:0,10
2,2:2,0
Routing Complete 


17:53:23.989491
Routing Update 
0,0:0,0
0,1:1,20
0,2:1,20
1,0:0,20
1,1:1,0
1,2:2,30
2,0:1,20
2,1:1,30
2,2:2,0
Routing Complete 
