17:52:54.066791
Register Request Sent


17:52:54.067377
Register Response Received 


17:52:54.139045
Routing Update 
2,0:1
2,1:1
2,2:2
Routing Complete 


17:52:56.177755
Routing Update 
2,0:1
2,1:1
2,2:2
Routing Complete 


17:53:00.067419
Neighbor Dead 1


17:53:00.154399
Routing Update 
2,0:0
2,1:0
2,2:2
Routing Complete 


17:53:12.176096
Routing Update 
2,0:0
2,1:-1
2,2:2
Routing Complete 


17:53:21.973057
Routing Update 
2,0:1
2,1:1
2,2:2
Routing Complete 


17:53:22.144922
Routing Update 
2,0:0
2,1:0
2,2:2
Routing Complete 


17:53:22.210931
Routing Update 
2,0:0
2,1:-1
2,2:2
Routing Complete 


17:53:23.963055
Neighbor Alive 1


17:53:24.049835
Routing Update 
2,0:0
2,1:0
2,2:2
Routing Complete 


17:53:24.095382
Routing Update 
2,0:1
2,1:1
2,2:2
Routing Complete 
